<?xml version="1.0" encoding="UTF-8"?>
<!-- Generated by org.testng.reporters.JUnitReportReporter -->
<testsuite hostname="DESKTOP-06H9SDS" failures="0" tests="2" name="Tests.loginTest" time="91.674" errors="0" timestamp="2023-06-07T12:02:52 IST" skipped="0">
  <testcase classname="Tests.loginTest" name="login" time="73.312"/>
  <testcase classname="Tests.loginTest" name="login" time="18.362"/>
</testsuite> <!-- Tests.loginTest -->
